#
# A fatal error has been detected by the Java Runtime Environment:
#
#  SIGSEGV (0xb) at pc=0x00007fc7c924cade, pid=12290, tid=12305
#
# JRE version: Java(TM) SE Runtime Environment (9.0+11) (build 9.0.4+11)
# Java VM: Java HotSpot(TM) 64-Bit Server VM (9.0.4+11, mixed mode, tiered, compressed oops, g1 gc, linux-amd64)
# Problematic frame:
# V  [libjvm.so+0x812ade]  InstanceKlass::allocate_instance(Thread*)+0xae
#
# Core dump will be written. Default location: Core dumps may be processed with "/usr/share/apport/apport %p %s %c %d %P" (or dumping to /home/christopher/IdeaProjects/iiifproducer/xml-doc/core.12290)
#
# If you would like to submit a bug report, please visit:
#   http://bugreport.java.com/bugreport/crash.jsp
#

---------------  S U M M A R Y ------------

Command Line: -agentlib:jdwp=transport=dt_socket,address=127.0.0.1:44103,suspend=y,server=n -ea -Didea.test.cyclic.buffer.size=1048576 -javaagent:/opt/idea-IU/plugins/Groovy/lib/agent/gragent.jar -javaagent:/opt/idea-IU/lib/rt/debugger-agent.jar=file:/tmp/capture.props -Dfile.encoding=UTF-8 com.intellij.rt.execution.junit.JUnitStarter -ideVersion5 -junit5 de.ubleipzig.iiifproducer.doc.GetValuesFromMetsTest,testGetCanvasesForRange

Host: Intel(R) Core(TM) i5-4310M CPU @ 2.70GHz, 4 cores, 7G, Ubuntu 17.10
Time: Wed Apr 18 05:17:38 2018 CEST elapsed time: 2817 seconds (0d 0h 46m 57s)

---------------  T H R E A D  ---------------

Current thread (0x00007fc7c415d800):  VMThread "VM Thread" [stack: 0x00007fc798143000,0x00007fc798243000] [id=12305]

Stack: [0x00007fc798143000,0x00007fc798243000],  sp=0x00007fc798241240,  free space=1016k
Native frames: (J=compiled Java code, A=aot compiled Java code, j=interpreted, Vv=VM code, C=native code)
V  [libjvm.so+0x812ade]  InstanceKlass::allocate_instance(Thread*)+0xae
V  [libjvm.so+0x83ee9d]  java_lang_String::basic_create(int, bool, Thread*)+0x2d
V  [libjvm.so+0x83f125]  java_lang_String::create_from_str(char const*, Thread*)+0x45
V  [libjvm.so+0x70755d]  Exceptions::new_exception(Thread*, Symbol*, char const*, Exceptions::ExceptionMsgToUtf8Mode)+0x10d
V  [libjvm.so+0x7a97b6]  GenerateOopMap::verify_error(char const*, ...)+0x86
V  [libjvm.so+0x7a9e69]  GenerateOopMap::init_basic_blocks()+0x2f9
V  [libjvm.so+0x7b01d8]  GenerateOopMap::do_interpretation()+0x58
V  [libjvm.so+0x7b05fb]  GenerateOopMap::compute_map(Thread*)+0x26b
V  [libjvm.so+0xb5a587]  OopMapForCacheEntry::compute_map(Thread*)+0x67
V  [libjvm.so+0xb5b1fc]  OopMapCacheEntry::fill(methodHandle, int)+0x12c
V  [libjvm.so+0xb5ba42]  OopMapCache::compute_one_oop_map(methodHandle const&, int, InterpreterOopMap*)+0x102
V  [libjvm.so+0xb5bd56]  OopMapCache::lookup(methodHandle const&, int, InterpreterOopMap*) const+0x216
V  [libjvm.so+0xafb584]  Method::mask_for(int, InterpreterOopMap*)+0x74
V  [libjvm.so+0x9a5a4d]  VM_GetOrSetLocal::doit()+0x4d
V  [libjvm.so+0xd5d4f9]  VM_Operation::evaluate()+0x59
V  [libjvm.so+0xd5b243]  VMThread::evaluate_operation(VM_Operation*)+0xc3
V  [libjvm.so+0xd5b7b0]  VMThread::loop()+0x210
V  [libjvm.so+0xd5bcc2]  VMThread::run()+0x72
V  [libjvm.so+0xb6e132]  thread_native_entry(Thread*)+0xf2


siginfo: si_signo: 11 (SIGSEGV), si_code: 128 (SI_KERNEL), si_addr: 0x0000000000000000

Register to memory mapping:

RAX=0x00070e1900060e24 is an unknown value
RBX=0x00070e1900060e0c is an unknown value
RCX=0x0000000000000000 is an unknown value
RDX=0x00008006e0008006 is an unknown value
RSP=0x00007fc798241240 is an unknown value
RBP=0x00007fc7982412a0 is an unknown value
RSI=0x00007fc7c415d800 is an unknown value
RDI=0x00000001000016d0 is pointing into metadata
R8 =0x0000000000000065 is an unknown value
R9 =0x0000000000000065 is an unknown value
R10=0x0000000000000073 is an unknown value
R11=0xffffffffffffffff is an unknown value
R12=0x00007fc7c415d800 is an unknown value
R13=0x000000000000005f is an unknown value
R14=0x00007fc7c9d6b539: <offset 0x0000000001331539> in /usr/lib/jvm/java-9-oracle/lib/server/libjvm.so at 0x00007fc7c8a3a000
R15=0x0000000000000003 is an unknown value


Registers:
RAX=0x00070e1900060e24, RBX=0x00070e1900060e0c, RCX=0x0000000000000000, RDX=0x00008006e0008006
RSP=0x00007fc798241240, RBP=0x00007fc7982412a0, RSI=0x00007fc7c415d800, RDI=0x00000001000016d0
R8 =0x0000000000000065, R9 =0x0000000000000065, R10=0x0000000000000073, R11=0xffffffffffffffff
R12=0x00007fc7c415d800, R13=0x000000000000005f, R14=0x00007fc7c9d6b539, R15=0x0000000000000003
RIP=0x00007fc7c924cade, EFLAGS=0x0000000000010202, CSGSFS=0x002b000000000033, ERR=0x0000000000000000
  TRAPNO=0x000000000000000d

Top of Stack: (sp=0x00007fc798241240)
0x00007fc798241240:   ffffffffffffffff 0020003100000003
0x00007fc798241250:   00000001000016d0 00007fc7c40fa7a8
0x00007fc798241260:   00007fc7ffffffff 00007fc748001a40
0x00007fc798241270:   00007fc7982412c0 00007fc7c415d800 

Instructions: (pc=0x00007fc7c924cade)
0x00007fc7c924cabe:   24 08 48 85 c0 0f 85 f7 00 00 00 4c 8d 35 69 ea
0x00007fc7c924cace:   b1 00 41 80 3e 00 0f 84 46 01 00 00 49 83 ff 02
0x00007fc7c924cade:   c7 43 0c 00 00 00 00 48 8d 7b 10 49 8d 47 fd 74
0x00007fc7c924caee:   0f 48 8d 14 c5 08 00 00 00 31 f6 e8 32 f5 a5 ff 

VM_Operation (0x00007fc776bcca30): GetOrSetLocal, mode: safepoint, requested by thread 0x00007fc7c42a2000


---------------  P R O C E S S  ---------------

Java Threads: ( => current thread )
  0x00007fc7c43ad000 JavaThread "Service Thread" daemon [_thread_blocked, id=12319, stack(0x00007fc7767ca000,0x00007fc7768cb000)]
  0x00007fc744001800 JavaThread "JDWP Command Reader" daemon [_thread_in_native, id=12318, stack(0x00007fc7768cb000,0x00007fc7769cc000)]
  0x00007fc7c42a6000 JavaThread "JDWP Event Helper Thread" daemon [_thread_blocked, id=12316, stack(0x00007fc7769cc000,0x00007fc776acd000)]
  0x00007fc7c42a2000 JavaThread "JDWP Transport Listener: dt_socket" daemon [_thread_blocked, id=12314, stack(0x00007fc776acd000,0x00007fc776bce000)]
  0x00007fc7c41c8800 JavaThread "Common-Cleaner" daemon [_thread_blocked, id=12313, stack(0x00007fc776dd2000,0x00007fc776ed3000)]
  0x00007fc7c4191800 JavaThread "Sweeper thread" daemon [_thread_blocked, id=12312, stack(0x00007fc7772fb000,0x00007fc7773fc000)]
  0x00007fc7c418f800 JavaThread "C1 CompilerThread2" daemon [_thread_blocked, id=12311, stack(0x00007fc7773fc000,0x00007fc7774fd000)]
  0x00007fc7c418d800 JavaThread "C2 CompilerThread1" daemon [_thread_blocked, id=12310, stack(0x00007fc7774fd000,0x00007fc7775fe000)]
  0x00007fc7c418b800 JavaThread "C2 CompilerThread0" daemon [_thread_blocked, id=12309, stack(0x00007fc7775fe000,0x00007fc7776ff000)]
  0x00007fc7c418a000 JavaThread "Signal Dispatcher" daemon [_thread_blocked, id=12308, stack(0x00007fc7776ff000,0x00007fc777800000)]
  0x00007fc7c4170000 JavaThread "Finalizer" daemon [_thread_blocked, id=12307, stack(0x00007fc77c02f000,0x00007fc77c130000)]
  0x00007fc7c4167800 JavaThread "Reference Handler" daemon [_thread_blocked, id=12306, stack(0x00007fc798041000,0x00007fc798142000)]
  0x00007fc7c4018000 JavaThread "main" [_thread_blocked, id=12291, stack(0x00007fc7caaf9000,0x00007fc7cabf9000)]

Other Threads:
=>0x00007fc7c415d800 VMThread "VM Thread" [stack: 0x00007fc798143000,0x00007fc798243000] [id=12305]
  0x00007fc7c43b0800 WatcherThread [stack: 0x00007fc7766ca000,0x00007fc7767ca000] [id=12320]
  0x00007fc7c4030000 GCTaskThread "GC Thread#0" [stack: 0x00007fc7a834f000,0x00007fc7a844f000] [id=12293]
  0x00007fc7c4031800 GCTaskThread "GC Thread#1" [stack: 0x00007fc7a824e000,0x00007fc7a834e000] [id=12294]
  0x00007fc7c4033800 GCTaskThread "GC Thread#2" [stack: 0x00007fc7a814d000,0x00007fc7a824d000] [id=12295]
  0x00007fc7c4035000 GCTaskThread "GC Thread#3" [stack: 0x00007fc7a804c000,0x00007fc7a814c000] [id=12297]
  0x00007fc7c4063800 ConcurrentGCThread "G1 Main Marker" [stack: 0x00007fc7987bf000,0x00007fc7988bf000] [id=12303]
  0x00007fc7c4065000 ConcurrentGCThread "G1 Marker#0" [stack: 0x00007fc7986be000,0x00007fc7987be000] [id=12304]
  0x00007fc7c403c800 ConcurrentGCThread "G1 Refine#0" [stack: 0x00007fc79b7f9000,0x00007fc79b8f9000] [id=12301]
  0x00007fc7c403a800 ConcurrentGCThread "G1 Refine#1" [stack: 0x00007fc79b8fa000,0x00007fc79b9fa000] [id=12300]
  0x00007fc7c4038800 ConcurrentGCThread "G1 Refine#2" [stack: 0x00007fc79b9fb000,0x00007fc79bafb000] [id=12299]
  0x00007fc7c4037000 ConcurrentGCThread "G1 Refine#3" [stack: 0x00007fc79bafc000,0x00007fc79bbfc000] [id=12298]
  0x00007fc7c403e000 ConcurrentGCThread "G1 Young RemSet Sampling" [stack: 0x00007fc79b6f8000,0x00007fc79b7f8000] [id=12302]

Threads with active compile tasks:

VM state:at safepoint (normal execution)

VM Mutex/Monitor currently owned by a thread:  ([mutex/lock_event])
[0x00007fc7c4014360] Threads_lock - owner thread: 0x00007fc7c415d800

Heap address: 0x0000000084c00000, size: 1972 MB, Compressed Oops mode: 32-bit
Narrow klass base: 0x0000000000000000, Narrow klass shift: 3
Compressed class space size: 1073741824 Address: 0x0000000100000000

Heap:
 garbage-first heap   total 126976K, used 36346K [0x0000000084c00000, 0x0000000084d003e0, 0x0000000100000000)
  region size 1024K, 36 young (36864K), 2 survivors (2048K)
 Metaspace       used 16720K, capacity 17976K, committed 18048K, reserved 1064960K
  class space    used 1699K, capacity 1910K, committed 1920K, reserved 1048576K
Heap Regions: E=young(eden), S=young(survivor), O=old, HS=humongous(starts), HC=humongous(continues), CS=collection set, F=free, A=archive, TS=gc time stamp, AC=allocation context, TAMS=top-at-mark-start (previous, next)
|   0|0x0000000084c00000, 0x0000000084c7ea00, 0x0000000084d00000| 49%| O|  |TS  1|AC  0|TAMS 0x0000000084c00000, 0x0000000084c00000|
|   1|0x0000000084d00000, 0x0000000084d00000, 0x0000000084e00000|  0%| F|  |TS  0|AC  0|TAMS 0x0000000084d00000, 0x0000000084d00000|
|   2|0x0000000084e00000, 0x0000000084e00000, 0x0000000084f00000|  0%| F|  |TS  0|AC  0|TAMS 0x0000000084e00000, 0x0000000084e00000|
|   3|0x0000000084f00000, 0x0000000084f00000, 0x0000000085000000|  0%| F|  |TS  0|AC  0|TAMS 0x0000000084f00000, 0x0000000084f00000|
|   4|0x0000000085000000, 0x0000000085000000, 0x0000000085100000|  0%| F|  |TS  0|AC  0|TAMS 0x0000000085000000, 0x0000000085000000|
|   5|0x0000000085100000, 0x0000000085100000, 0x0000000085200000|  0%| F|  |TS  0|AC  0|TAMS 0x0000000085100000, 0x0000000085100000|
|   6|0x0000000085200000, 0x0000000085200000, 0x0000000085300000|  0%| F|  |TS  0|AC  0|TAMS 0x0000000085200000, 0x0000000085200000|
|   7|0x0000000085300000, 0x0000000085300000, 0x0000000085400000|  0%| F|  |TS  0|AC  0|TAMS 0x0000000085300000, 0x0000000085300000|
|   8|0x0000000085400000, 0x0000000085400000, 0x0000000085500000|  0%| F|  |TS  0|AC  0|TAMS 0x0000000085400000, 0x0000000085400000|
|   9|0x0000000085500000, 0x0000000085500000, 0x0000000085600000|  0%| F|  |TS  0|AC  0|TAMS 0x0000000085500000, 0x0000000085500000|
|  10|0x0000000085600000, 0x0000000085600000, 0x0000000085700000|  0%| F|  |TS  0|AC  0|TAMS 0x0000000085600000, 0x0000000085600000|
|  11|0x0000000085700000, 0x0000000085700000, 0x0000000085800000|  0%| F|  |TS  0|AC  0|TAMS 0x0000000085700000, 0x0000000085700000|
|  12|0x0000000085800000, 0x0000000085800000, 0x0000000085900000|  0%| F|  |TS  0|AC  0|TAMS 0x0000000085800000, 0x0000000085800000|
|  13|0x0000000085900000, 0x0000000085900000, 0x0000000085a00000|  0%| F|  |TS  0|AC  0|TAMS 0x0000000085900000, 0x0000000085900000|
|  14|0x0000000085a00000, 0x0000000085a00000, 0x0000000085b00000|  0%| F|  |TS  0|AC  0|TAMS 0x0000000085a00000, 0x0000000085a00000|
|  15|0x0000000085b00000, 0x0000000085b00000, 0x0000000085c00000|  0%| F|  |TS  0|AC  0|TAMS 0x0000000085b00000, 0x0000000085b00000|
|  16|0x0000000085c00000, 0x0000000085c00000, 0x0000000085d00000|  0%| F|  |TS  0|AC  0|TAMS 0x0000000085c00000, 0x0000000085c00000|
|  17|0x0000000085d00000, 0x0000000085d00000, 0x0000000085e00000|  0%| F|  |TS  0|AC  0|TAMS 0x0000000085d00000, 0x0000000085d00000|
|  18|0x0000000085e00000, 0x0000000085e00000, 0x0000000085f00000|  0%| F|  |TS  0|AC  0|TAMS 0x0000000085e00000, 0x0000000085e00000|
|  19|0x0000000085f00000, 0x0000000085f00000, 0x0000000086000000|  0%| F|  |TS  0|AC  0|TAMS 0x0000000085f00000, 0x0000000085f00000|
|  20|0x0000000086000000, 0x0000000086000000, 0x0000000086100000|  0%| F|  |TS  0|AC  0|TAMS 0x0000000086000000, 0x0000000086000000|
|  21|0x0000000086100000, 0x0000000086100000, 0x0000000086200000|  0%| F|  |TS  0|AC  0|TAMS 0x0000000086100000, 0x0000000086100000|
|  22|0x0000000086200000, 0x0000000086200000, 0x0000000086300000|  0%| F|  |TS  0|AC  0|TAMS 0x0000000086200000, 0x0000000086200000|
|  23|0x0000000086300000, 0x0000000086300000, 0x0000000086400000|  0%| F|  |TS  0|AC  0|TAMS 0x0000000086300000, 0x0000000086300000|
|  24|0x0000000086400000, 0x0000000086400000, 0x0000000086500000|  0%| F|  |TS  0|AC  0|TAMS 0x0000000086400000, 0x0000000086400000|
|  25|0x0000000086500000, 0x0000000086500000, 0x0000000086600000|  0%| F|  |TS  0|AC  0|TAMS 0x0000000086500000, 0x0000000086500000|
|  26|0x0000000086600000, 0x0000000086600000, 0x0000000086700000|  0%| F|  |TS  0|AC  0|TAMS 0x0000000086600000, 0x0000000086600000|
|  27|0x0000000086700000, 0x0000000086700000, 0x0000000086800000|  0%| F|  |TS  0|AC  0|TAMS 0x0000000086700000, 0x0000000086700000|
|  28|0x0000000086800000, 0x0000000086800000, 0x0000000086900000|  0%| F|  |TS  0|AC  0|TAMS 0x0000000086800000, 0x0000000086800000|
|  29|0x0000000086900000, 0x0000000086900000, 0x0000000086a00000|  0%| F|  |TS  0|AC  0|TAMS 0x0000000086900000, 0x0000000086900000|
|  30|0x0000000086a00000, 0x0000000086a00000, 0x0000000086b00000|  0%| F|  |TS  0|AC  0|TAMS 0x0000000086a00000, 0x0000000086a00000|
|  31|0x0000000086b00000, 0x0000000086b00000, 0x0000000086c00000|  0%| F|  |TS  0|AC  0|TAMS 0x0000000086b00000, 0x0000000086b00000|
|  32|0x0000000086c00000, 0x0000000086c00000, 0x0000000086d00000|  0%| F|  |TS  0|AC  0|TAMS 0x0000000086c00000, 0x0000000086c00000|
|  33|0x0000000086d00000, 0x0000000086d00000, 0x0000000086e00000|  0%| F|  |TS  0|AC  0|TAMS 0x0000000086d00000, 0x0000000086d00000|
|  34|0x0000000086e00000, 0x0000000086e00000, 0x0000000086f00000|  0%| F|  |TS  0|AC  0|TAMS 0x0000000086e00000, 0x0000000086e00000|
|  35|0x0000000086f00000, 0x0000000086f00000, 0x0000000087000000|  0%| F|  |TS  0|AC  0|TAMS 0x0000000086f00000, 0x0000000086f00000|
|  36|0x0000000087000000, 0x0000000087000000, 0x0000000087100000|  0%| F|  |TS  0|AC  0|TAMS 0x0000000087000000, 0x0000000087000000|
|  37|0x0000000087100000, 0x0000000087100000, 0x0000000087200000|  0%| F|  |TS  0|AC  0|TAMS 0x0000000087100000, 0x0000000087100000|
|  38|0x0000000087200000, 0x0000000087200000, 0x0000000087300000|  0%| F|  |TS  0|AC  0|TAMS 0x0000000087200000, 0x0000000087200000|
|  39|0x0000000087300000, 0x0000000087300000, 0x0000000087400000|  0%| F|  |TS  0|AC  0|TAMS 0x0000000087300000, 0x0000000087300000|
|  40|0x0000000087400000, 0x0000000087400000, 0x0000000087500000|  0%| F|  |TS  0|AC  0|TAMS 0x0000000087400000, 0x0000000087400000|
|  41|0x0000000087500000, 0x0000000087500000, 0x0000000087600000|  0%| F|  |TS  0|AC  0|TAMS 0x0000000087500000, 0x0000000087500000|
|  42|0x0000000087600000, 0x0000000087600000, 0x0000000087700000|  0%| F|  |TS  0|AC  0|TAMS 0x0000000087600000, 0x0000000087600000|
|  43|0x0000000087700000, 0x0000000087700000, 0x0000000087800000|  0%| F|  |TS  0|AC  0|TAMS 0x0000000087700000, 0x0000000087700000|
|  44|0x0000000087800000, 0x0000000087800000, 0x0000000087900000|  0%| F|  |TS  0|AC  0|TAMS 0x0000000087800000, 0x0000000087800000|
|  45|0x0000000087900000, 0x0000000087900000, 0x0000000087a00000|  0%| F|  |TS  0|AC  0|TAMS 0x0000000087900000, 0x0000000087900000|
|  46|0x0000000087a00000, 0x0000000087a00000, 0x0000000087b00000|  0%| F|  |TS  0|AC  0|TAMS 0x0000000087a00000, 0x0000000087a00000|
|  47|0x0000000087b00000, 0x0000000087b00000, 0x0000000087c00000|  0%| F|  |TS  0|AC  0|TAMS 0x0000000087b00000, 0x0000000087b00000|
|  48|0x0000000087c00000, 0x0000000087c00000, 0x0000000087d00000|  0%| F|  |TS  0|AC  0|TAMS 0x0000000087c00000, 0x0000000087c00000|
|  49|0x0000000087d00000, 0x0000000087d00000, 0x0000000087e00000|  0%| F|  |TS  0|AC  0|TAMS 0x0000000087d00000, 0x0000000087d00000|
|  50|0x0000000087e00000, 0x0000000087e00000, 0x0000000087f00000|  0%| F|  |TS  0|AC  0|TAMS 0x0000000087e00000, 0x0000000087e00000|
|  51|0x0000000087f00000, 0x0000000087f00000, 0x0000000088000000|  0%| F|  |TS  0|AC  0|TAMS 0x0000000087f00000, 0x0000000087f00000|
|  52|0x0000000088000000, 0x0000000088000000, 0x0000000088100000|  0%| F|  |TS  0|AC  0|TAMS 0x0000000088000000, 0x0000000088000000|
|  53|0x0000000088100000, 0x0000000088100000, 0x0000000088200000|  0%| F|  |TS  0|AC  0|TAMS 0x0000000088100000, 0x0000000088100000|
|  54|0x0000000088200000, 0x0000000088200000, 0x0000000088300000|  0%| F|  |TS  0|AC  0|TAMS 0x0000000088200000, 0x0000000088200000|
|  55|0x0000000088300000, 0x0000000088300000, 0x0000000088400000|  0%| F|  |TS  0|AC  0|TAMS 0x0000000088300000, 0x0000000088300000|
|  56|0x0000000088400000, 0x0000000088400000, 0x0000000088500000|  0%| F|  |TS  0|AC  0|TAMS 0x0000000088400000, 0x0000000088400000|
|  57|0x0000000088500000, 0x0000000088500000, 0x0000000088600000|  0%| F|  |TS  0|AC  0|TAMS 0x0000000088500000, 0x0000000088500000|
|  58|0x0000000088600000, 0x0000000088600000, 0x0000000088700000|  0%| F|  |TS  0|AC  0|TAMS 0x0000000088600000, 0x0000000088600000|
|  59|0x0000000088700000, 0x0000000088700000, 0x0000000088800000|  0%| F|  |TS  0|AC  0|TAMS 0x0000000088700000, 0x0000000088700000|
|  60|0x0000000088800000, 0x0000000088800000, 0x0000000088900000|  0%| F|  |TS  0|AC  0|TAMS 0x0000000088800000, 0x0000000088800000|
|  61|0x0000000088900000, 0x0000000088900000, 0x0000000088a00000|  0%| F|  |TS  0|AC  0|TAMS 0x0000000088900000, 0x0000000088900000|
|  62|0x0000000088a00000, 0x0000000088a00000, 0x0000000088b00000|  0%| F|  |TS  0|AC  0|TAMS 0x0000000088a00000, 0x0000000088a00000|
|  63|0x0000000088b00000, 0x0000000088b00000, 0x0000000088c00000|  0%| F|  |TS  0|AC  0|TAMS 0x0000000088b00000, 0x0000000088b00000|
|  64|0x0000000088c00000, 0x0000000088c00000, 0x0000000088d00000|  0%| F|  |TS  0|AC  0|TAMS 0x0000000088c00000, 0x0000000088c00000|
|  65|0x0000000088d00000, 0x0000000088d00000, 0x0000000088e00000|  0%| F|  |TS  0|AC  0|TAMS 0x0000000088d00000, 0x0000000088d00000|
|  66|0x0000000088e00000, 0x0000000088e00000, 0x0000000088f00000|  0%| F|  |TS  0|AC  0|TAMS 0x0000000088e00000, 0x0000000088e00000|
|  67|0x0000000088f00000, 0x0000000088f00000, 0x0000000089000000|  0%| F|  |TS  0|AC  0|TAMS 0x0000000088f00000, 0x0000000088f00000|
|  68|0x0000000089000000, 0x0000000089000000, 0x0000000089100000|  0%| F|  |TS  0|AC  0|TAMS 0x0000000089000000, 0x0000000089000000|
|  69|0x0000000089100000, 0x0000000089100000, 0x0000000089200000|  0%| F|  |TS  0|AC  0|TAMS 0x0000000089100000, 0x0000000089100000|
|  70|0x0000000089200000, 0x0000000089200000, 0x0000000089300000|  0%| F|  |TS  0|AC  0|TAMS 0x0000000089200000, 0x0000000089200000|
|  71|0x0000000089300000, 0x0000000089300000, 0x0000000089400000|  0%| F|  |TS  0|AC  0|TAMS 0x0000000089300000, 0x0000000089300000|
|  72|0x0000000089400000, 0x0000000089400000, 0x0000000089500000|  0%| F|  |TS  0|AC  0|TAMS 0x0000000089400000, 0x0000000089400000|
|  73|0x0000000089500000, 0x0000000089500000, 0x0000000089600000|  0%| F|  |TS  0|AC  0|TAMS 0x0000000089500000, 0x0000000089500000|
|  74|0x0000000089600000, 0x0000000089600000, 0x0000000089700000|  0%| F|  |TS  0|AC  0|TAMS 0x0000000089600000, 0x0000000089600000|
|  75|0x0000000089700000, 0x0000000089700000, 0x0000000089800000|  0%| F|  |TS  0|AC  0|TAMS 0x0000000089700000, 0x0000000089700000|
|  76|0x0000000089800000, 0x0000000089800000, 0x0000000089900000|  0%| F|  |TS  0|AC  0|TAMS 0x0000000089800000, 0x0000000089800000|
|  77|0x0000000089900000, 0x0000000089900000, 0x0000000089a00000|  0%| F|  |TS  0|AC  0|TAMS 0x0000000089900000, 0x0000000089900000|
|  78|0x0000000089a00000, 0x0000000089a00000, 0x0000000089b00000|  0%| F|  |TS  0|AC  0|TAMS 0x0000000089a00000, 0x0000000089a00000|
|  79|0x0000000089b00000, 0x0000000089b00000, 0x0000000089c00000|  0%| F|  |TS  0|AC  0|TAMS 0x0000000089b00000, 0x0000000089b00000|
|  80|0x0000000089c00000, 0x0000000089c00000, 0x0000000089d00000|  0%| F|  |TS  0|AC  0|TAMS 0x0000000089c00000, 0x0000000089c00000|
|  81|0x0000000089d00000, 0x0000000089d00000, 0x0000000089e00000|  0%| F|  |TS  0|AC  0|TAMS 0x0000000089d00000, 0x0000000089d00000|
|  82|0x0000000089e00000, 0x0000000089e00000, 0x0000000089f00000|  0%| F|  |TS  0|AC  0|TAMS 0x0000000089e00000, 0x0000000089e00000|
|  83|0x0000000089f00000, 0x0000000089f00000, 0x000000008a000000|  0%| F|  |TS  0|AC  0|TAMS 0x0000000089f00000, 0x0000000089f00000|
|  84|0x000000008a000000, 0x000000008a000000, 0x000000008a100000|  0%| F|  |TS  0|AC  0|TAMS 0x000000008a000000, 0x000000008a000000|
|  85|0x000000008a100000, 0x000000008a100000, 0x000000008a200000|  0%| F|  |TS  0|AC  0|TAMS 0x000000008a100000, 0x000000008a100000|
|  86|0x000000008a200000, 0x000000008a200000, 0x000000008a300000|  0%| F|  |TS  0|AC  0|TAMS 0x000000008a200000, 0x000000008a200000|
|  87|0x000000008a300000, 0x000000008a300000, 0x000000008a400000|  0%| F|  |TS  0|AC  0|TAMS 0x000000008a300000, 0x000000008a300000|
|  88|0x000000008a400000, 0x000000008a500000, 0x000000008a500000|100%| E|  |TS  0|AC  0|TAMS 0x000000008a400000, 0x000000008a400000|
|  89|0x000000008a500000, 0x000000008a600000, 0x000000008a600000|100%| E|CS|TS  0|AC  0|TAMS 0x000000008a500000, 0x000000008a500000|
|  90|0x000000008a600000, 0x000000008a700000, 0x000000008a700000|100%| E|CS|TS  0|AC  0|TAMS 0x000000008a600000, 0x000000008a600000|
|  91|0x000000008a700000, 0x000000008a800000, 0x000000008a800000|100%| E|CS|TS  0|AC  0|TAMS 0x000000008a700000, 0x000000008a700000|
|  92|0x000000008a800000, 0x000000008a900000, 0x000000008a900000|100%| E|CS|TS  0|AC  0|TAMS 0x000000008a800000, 0x000000008a800000|
|  93|0x000000008a900000, 0x000000008aa00000, 0x000000008aa00000|100%| E|CS|TS  0|AC  0|TAMS 0x000000008a900000, 0x000000008a900000|
|  94|0x000000008aa00000, 0x000000008ab00000, 0x000000008ab00000|100%| E|CS|TS  0|AC  0|TAMS 0x000000008aa00000, 0x000000008aa00000|
|  95|0x000000008ab00000, 0x000000008ac00000, 0x000000008ac00000|100%| E|CS|TS  0|AC  0|TAMS 0x000000008ab00000, 0x000000008ab00000|
|  96|0x000000008ac00000, 0x000000008ad00000, 0x000000008ad00000|100%| E|CS|TS  0|AC  0|TAMS 0x000000008ac00000, 0x000000008ac00000|
|  97|0x000000008ad00000, 0x000000008ae00000, 0x000000008ae00000|100%| E|CS|TS  0|AC  0|TAMS 0x000000008ad00000, 0x000000008ad00000|
|  98|0x000000008ae00000, 0x000000008af00000, 0x000000008af00000|100%| E|CS|TS  0|AC  0|TAMS 0x000000008ae00000, 0x000000008ae00000|
|  99|0x000000008af00000, 0x000000008b000000, 0x000000008b000000|100%| E|CS|TS  0|AC  0|TAMS 0x000000008af00000, 0x000000008af00000|
| 100|0x000000008b000000, 0x000000008b100000, 0x000000008b100000|100%| E|CS|TS  0|AC  0|TAMS 0x000000008b000000, 0x000000008b000000|
| 101|0x000000008b100000, 0x000000008b200000, 0x000000008b200000|100%| E|CS|TS  0|AC  0|TAMS 0x000000008b100000, 0x000000008b100000|
| 102|0x000000008b200000, 0x000000008b300000, 0x000000008b300000|100%| E|CS|TS  0|AC  0|TAMS 0x000000008b200000, 0x000000008b200000|
| 103|0x000000008b300000, 0x000000008b400000, 0x000000008b400000|100%| E|CS|TS  0|AC  0|TAMS 0x000000008b300000, 0x000000008b300000|
| 104|0x000000008b400000, 0x000000008b500000, 0x000000008b500000|100%| E|CS|TS  0|AC  0|TAMS 0x000000008b400000, 0x000000008b400000|
| 105|0x000000008b500000, 0x000000008b600000, 0x000000008b600000|100%| E|CS|TS  0|AC  0|TAMS 0x000000008b500000, 0x000000008b500000|
| 106|0x000000008b600000, 0x000000008b700000, 0x000000008b700000|100%| E|CS|TS  0|AC  0|TAMS 0x000000008b600000, 0x000000008b600000|
| 107|0x000000008b700000, 0x000000008b800000, 0x000000008b800000|100%| E|CS|TS  0|AC  0|TAMS 0x000000008b700000, 0x000000008b700000|
| 108|0x000000008b800000, 0x000000008b900000, 0x000000008b900000|100%| S|CS|TS  1|AC  0|TAMS 0x000000008b800000, 0x000000008b800000|
| 109|0x000000008b900000, 0x000000008ba00000, 0x000000008ba00000|100%| S|CS|TS  1|AC  0|TAMS 0x000000008b900000, 0x000000008b900000|
| 110|0x000000008ba00000, 0x000000008bb00000, 0x000000008bb00000|100%| E|CS|TS  1|AC  0|TAMS 0x000000008ba00000, 0x000000008ba00000|
| 111|0x000000008bb00000, 0x000000008bc00000, 0x000000008bc00000|100%| E|CS|TS  1|AC  0|TAMS 0x000000008bb00000, 0x000000008bb00000|
| 112|0x000000008bc00000, 0x000000008bd00000, 0x000000008bd00000|100%| E|CS|TS  1|AC  0|TAMS 0x000000008bc00000, 0x000000008bc00000|
| 113|0x000000008bd00000, 0x000000008be00000, 0x000000008be00000|100%| E|CS|TS  1|AC  0|TAMS 0x000000008bd00000, 0x000000008bd00000|
| 114|0x000000008be00000, 0x000000008bf00000, 0x000000008bf00000|100%| E|CS|TS  1|AC  0|TAMS 0x000000008be00000, 0x000000008be00000|
| 115|0x000000008bf00000, 0x000000008c000000, 0x000000008c000000|100%| E|CS|TS  1|AC  0|TAMS 0x000000008bf00000, 0x000000008bf00000|
| 116|0x000000008c000000, 0x000000008c100000, 0x000000008c100000|100%| E|CS|TS  1|AC  0|TAMS 0x000000008c000000, 0x000000008c000000|
| 117|0x000000008c100000, 0x000000008c200000, 0x000000008c200000|100%| E|CS|TS  1|AC  0|TAMS 0x000000008c100000, 0x000000008c100000|
| 118|0x000000008c200000, 0x000000008c300000, 0x000000008c300000|100%| E|CS|TS  1|AC  0|TAMS 0x000000008c200000, 0x000000008c200000|
| 119|0x000000008c300000, 0x000000008c400000, 0x000000008c400000|100%| E|CS|TS  1|AC  0|TAMS 0x000000008c300000, 0x000000008c300000|
| 120|0x000000008c400000, 0x000000008c500000, 0x000000008c500000|100%| E|CS|TS  1|AC  0|TAMS 0x000000008c400000, 0x000000008c400000|
| 121|0x000000008c500000, 0x000000008c600000, 0x000000008c600000|100%| E|CS|TS  1|AC  0|TAMS 0x000000008c500000, 0x000000008c500000|
| 122|0x000000008c600000, 0x000000008c700000, 0x000000008c700000|100%| E|CS|TS  1|AC  0|TAMS 0x000000008c600000, 0x000000008c600000|
| 123|0x000000008c700000, 0x000000008c800000, 0x000000008c800000|100%| E|CS|TS  1|AC  0|TAMS 0x000000008c700000, 0x000000008c700000|

Card table byte_map: [0x00007fc79ab69000,0x00007fc79af43000] byte_map_base: 0x00007fc79a743000

Marking Bits (Prev, Next): (CMBitMap*) 0x00007fc7c40629c0, (CMBitMap*) 0x00007fc7c40629f8
 Prev Bits: [0x00007fc7988bf000, 0x00007fc79a78f000)
 Next Bits: [0x00007fc77e130000, 0x00007fc780000000)

Polling page: 0x00007fc7cac14000

CodeHeap 'non-profiled nmethods': size=120032Kb used=852Kb max_used=852Kb free=119179Kb
 bounds [0x00007fc7b00ed000, 0x00007fc7b035d000, 0x00007fc7b7625000]
CodeHeap 'profiled nmethods': size=120032Kb used=3765Kb max_used=4252Kb free=116266Kb
 bounds [0x00007fc7a8bb5000, 0x00007fc7a8fe5000, 0x00007fc7b00ed000]
CodeHeap 'non-nmethods': size=5696Kb used=1222Kb max_used=1280Kb free=4473Kb
 bounds [0x00007fc7a8625000, 0x00007fc7a8895000, 0x00007fc7a8bb5000]
 total_blobs=2669 nmethods=1663 adapters=307
 compilation: enabled

Compilation events (10 events):
Event: 7,002 Thread 0x00007fc7c418b800 nmethod 1865 0x00007fc7b0171d10 code [0x00007fc7b0171ec0, 0x00007fc7b0172008]
Event: 7,002 Thread 0x00007fc7c418b800 1866       4       java.lang.StringUTF16::getChar (60 bytes)
Event: 7,010 Thread 0x00007fc7c418b800 nmethod 1866 0x00007fc7b0174190 code [0x00007fc7b0174320, 0x00007fc7b01743f8]
Event: 7,010 Thread 0x00007fc7c418b800 1861       4       com.sun.org.apache.xerces.internal.dom.CharacterDataImpl::getNodeValue (16 bytes)
Event: 7,022 Thread 0x00007fc7c418b800 nmethod 1861 0x00007fc7b01abd90 code [0x00007fc7b01abf80, 0x00007fc7b01ac5e8]
Event: 7,022 Thread 0x00007fc7c418b800 1862       4       java.lang.String::getChars (54 bytes)
Event: 7,033 Thread 0x00007fc7c418b800 nmethod 1862 0x00007fc7b01aca90 code [0x00007fc7b01acc60, 0x00007fc7b01ad0f8]
Event: 7,033 Thread 0x00007fc7c418b800 1864       4       com.sun.org.apache.xerces.internal.dom.ElementNSImpl::getLocalName (16 bytes)
Event: 7,034 Thread 0x00007fc7c418b800 nmethod 1864 0x00007fc7b0173d90 code [0x00007fc7b0173f20, 0x00007fc7b0173fb8]
Event: 7,623 Thread 0x00007fc7c418d800 nmethod 1855 0x00007fc7b01ad410 code [0x00007fc7b01ae040, 0x00007fc7b01babe0]

GC Heap History (2 events):
Event: 1,039 GC heap before
{Heap before GC invocations=0 (full 0):
 garbage-first heap   total 126976K, used 14336K [0x0000000084c00000, 0x0000000084d003e0, 0x0000000100000000)
  region size 1024K, 14 young (14336K), 0 survivors (0K)
 Metaspace       used 8987K, capacity 9490K, committed 9728K, reserved 1058816K
  class space    used 860K, capacity 949K, committed 1024K, reserved 1048576K
}
Event: 1,052 GC heap after
{Heap after GC invocations=1 (full 0):
 garbage-first heap   total 126976K, used 2554K [0x0000000084c00000, 0x0000000084d003e0, 0x0000000100000000)
  region size 1024K, 2 young (2048K), 2 survivors (2048K)
 Metaspace       used 8987K, capacity 9490K, committed 9728K, reserved 1058816K
  class space    used 860K, capacity 949K, committed 1024K, reserved 1048576K
}

Deoptimization events (10 events):
Event: 1,774 Thread 0x00007fc7c4018000 Uncommon trap: reason=unstable_if action=reinterpret pc=0x00007fc7b0153d44 method=com.sun.org.apache.xerces.internal.impl.XMLEntityScanner.checkBeforeLoad(Lcom/sun/xml/internal/stream/Entity$ScannedEntity;II)I @ 18 c2
Event: 1,875 Thread 0x00007fc7c4018000 Uncommon trap: reason=unstable_if action=reinterpret pc=0x00007fc7b0133048 method=sun.reflect.generics.parser.SignatureParser.current()C @ 39 c2
Event: 2,409 Thread 0x00007fc7c4018000 Uncommon trap: reason=unstable_if action=reinterpret pc=0x00007fc7b016d7f4 method=com.sun.org.apache.xml.internal.dtm.ref.DTMDefaultBase._exptype(I)I @ 12 c2
Event: 2,409 Thread 0x00007fc7c4018000 Uncommon trap: reason=unstable_if action=reinterpret pc=0x00007fc7b0171e5c method=com.sun.org.apache.xml.internal.dtm.ref.DTMDefaultBase._parent(I)I @ 5 c2
Event: 2,945 Thread 0x00007fc7c4018000 Uncommon trap: reason=class_check action=maybe_recompile pc=0x00007fc7b0137340 method=java.util.HashMap.putVal(ILjava/lang/Object;Ljava/lang/Object;ZZ)Ljava/lang/Object; @ 203 c2
Event: 2,973 Thread 0x00007fc7c4018000 Uncommon trap: reason=class_check action=maybe_recompile pc=0x00007fc7b0137340 method=java.util.HashMap.putVal(ILjava/lang/Object;Ljava/lang/Object;ZZ)Ljava/lang/Object; @ 203 c2
Event: 2,986 Thread 0x00007fc7c4018000 Uncommon trap: reason=class_check action=maybe_recompile pc=0x00007fc7b0137340 method=java.util.HashMap.putVal(ILjava/lang/Object;Ljava/lang/Object;ZZ)Ljava/lang/Object; @ 203 c2
Event: 2,990 Thread 0x00007fc7c4018000 Uncommon trap: reason=class_check action=maybe_recompile pc=0x00007fc7b0137340 method=java.util.HashMap.putVal(ILjava/lang/Object;Ljava/lang/Object;ZZ)Ljava/lang/Object; @ 203 c2
Event: 3,215 Thread 0x00007fc7c4018000 Uncommon trap: reason=unstable_if action=reinterpret pc=0x00007fc7b012be54 method=java.lang.AbstractStringBuilder.putStringAt(ILjava/lang/String;)V @ 8 c2
Event: 3,215 Thread 0x00007fc7c4018000 Uncommon trap: reason=unstable_if action=reinterpret pc=0x00007fc7b0125218 method=java.lang.String.getBytes([BIB)V @ 5 c2

Classes redefined (10 events):
Event: 1061,259 Thread 0x00007fc7c415d800 redefined class name=de.ubleipzig.iiifproducer.doc.GetValuesFromMetsTest, count=3
Event: 1371,331 Thread 0x00007fc7c415d800 redefined class name=de.ubleipzig.iiifproducer.doc.GetValuesFromMetsTest, count=4
Event: 1455,410 Thread 0x00007fc7c415d800 redefined class name=de.ubleipzig.iiifproducer.doc.GetValuesFromMetsTest, count=5
Event: 1634,979 Thread 0x00007fc7c415d800 redefined class name=de.ubleipzig.iiifproducer.doc.GetValuesFromMetsTest, count=6
Event: 2816,963 Thread 0x00007fc7c415d800 redefined class name=de.ubleipzig.iiifproducer.doc.GetValuesFromMetsTest, count=7
Event: 2817,004 Thread 0x00007fc7c415d800 redefined class name=de.ubleipzig.iiifproducer.doc.ResourceLoader, count=1
Event: 2817,014 Thread 0x00007fc7c415d800 redefined class name=de.ubleipzig.iiifproducer.doc.MetsData, count=1
Event: 2817,023 Thread 0x00007fc7c415d800 redefined class name=de.ubleipzig.iiifproducer.doc.MetsData$Xlink, count=1
Event: 2817,049 Thread 0x00007fc7c415d800 redefined class name=de.ubleipzig.iiifproducer.doc.MetsData$Logical, count=1
Event: 2817,064 Thread 0x00007fc7c415d800 redefined class name=de.ubleipzig.iiifproducer.doc.MetsManifestBuilder, count=1

Internal exceptions (10 events):
Event: 1,635 Thread 0x00007fc7c4018000 Exception <a 'java/lang/NoSuchMethodError'{0x000000008bb90a08}: method resolution failed> (0x000000008bb90a08) thrown at [/scratch/opt/mach5/mesos/work_dir/slaves/5af44a71-976a-41b7-81de-5773b84ec572-S39643/frameworks/1735e8a2-a1db-478c-8104-60c8b0af87dd-
Event: 1,637 Thread 0x00007fc7c4018000 Exception <a 'java/lang/NoSuchMethodError'{0x000000008bba05b8}: java.lang.invoke.DirectMethodHandle$Holder.invokeSpecial(Ljava/lang/Object;Ljava/lang/Object;IILjava/lang/Object;Ljava/lang/Object;Ljava/lang/Object;)Ljava/lang/Object;> (0x000000008bba05b8) 
Event: 1,637 Thread 0x00007fc7c4018000 Exception <a 'java/lang/NoSuchMethodError'{0x000000008bba3db8}: java.lang.invoke.DelegatingMethodHandle$Holder.reinvoke_L(Ljava/lang/Object;IILjava/lang/Object;Ljava/lang/Object;Ljava/lang/Object;)Ljava/lang/Object;> (0x000000008bba3db8) thrown at [/scrat
Event: 1,638 Thread 0x00007fc7c4018000 Exception <a 'java/lang/NoSuchMethodError'{0x000000008bbaa288}: method resolution failed> (0x000000008bbaa288) thrown at [/scratch/opt/mach5/mesos/work_dir/slaves/5af44a71-976a-41b7-81de-5773b84ec572-S39643/frameworks/1735e8a2-a1db-478c-8104-60c8b0af87dd-
Event: 1,641 Thread 0x00007fc7c4018000 Exception <a 'java/lang/NoSuchMethodError'{0x000000008bbc06a0}: method resolution failed> (0x000000008bbc06a0) thrown at [/scratch/opt/mach5/mesos/work_dir/slaves/5af44a71-976a-41b7-81de-5773b84ec572-S39643/frameworks/1735e8a2-a1db-478c-8104-60c8b0af87dd-
Event: 1,643 Thread 0x00007fc7c4018000 Exception <a 'java/lang/NoSuchMethodError'{0x000000008bbd7510}: method resolution failed> (0x000000008bbd7510) thrown at [/scratch/opt/mach5/mesos/work_dir/slaves/5af44a71-976a-41b7-81de-5773b84ec572-S39643/frameworks/1735e8a2-a1db-478c-8104-60c8b0af87dd-
Event: 1,655 Thread 0x00007fc7c4018000 Exception <a 'java/lang/NoSuchMethodError'{0x000000008bbf0168}: method resolution failed> (0x000000008bbf0168) thrown at [/scratch/opt/mach5/mesos/work_dir/slaves/5af44a71-976a-41b7-81de-5773b84ec572-S39643/frameworks/1735e8a2-a1db-478c-8104-60c8b0af87dd-
Event: 1,658 Thread 0x00007fc7c4018000 Exception <a 'java/lang/NoSuchMethodError'{0x000000008ba0acd0}: method resolution failed> (0x000000008ba0acd0) thrown at [/scratch/opt/mach5/mesos/work_dir/slaves/5af44a71-976a-41b7-81de-5773b84ec572-S39643/frameworks/1735e8a2-a1db-478c-8104-60c8b0af87dd-
Event: 2,429 Thread 0x00007fc7c4018000 Exception <a 'java/lang/NoSuchMethodError'{0x000000008af3ca90}: method resolution failed> (0x000000008af3ca90) thrown at [/scratch/opt/mach5/mesos/work_dir/slaves/5af44a71-976a-41b7-81de-5773b84ec572-S39643/frameworks/1735e8a2-a1db-478c-8104-60c8b0af87dd-
Event: 2,847 Thread 0x00007fc7c4018000 Exception <a 'java/lang/ClassNotFoundException'{0x000000008ad86778}: com/sun/org/apache/xml/internal/serializer/spi/XMLEntitiesProvider> (0x000000008ad86778) thrown at [/scratch/opt/mach5/mesos/work_dir/slaves/5af44a71-976a-41b7-81de-5773b84ec572-S39643/f

Events (10 events):
Event: 2817,067 Executing VM operation: RedefineClasses done
Event: 2817,104 Executing VM operation: GetFrameCount
Event: 2817,104 Executing VM operation: GetFrameCount done
Event: 2817,109 Executing VM operation: GetFrameCount
Event: 2817,109 Executing VM operation: GetFrameCount done
Event: 2817,110 Executing VM operation: GetFrameLocation
Event: 2817,110 Executing VM operation: GetFrameLocation done
Event: 2817,110 Executing VM operation: GetFrameLocation
Event: 2817,110 Executing VM operation: GetFrameLocation done
Event: 2817,110 Executing VM operation: GetOrSetLocal


Dynamic libraries:
00400000-00401000 r-xp 00000000 08:06 2108728                            /usr/lib/jvm/java-9-oracle/bin/java
00600000-00601000 rw-p 00000000 08:06 2108728                            /usr/lib/jvm/java-9-oracle/bin/java
00bc8000-00be9000 rw-p 00000000 00:00 0                                  [heap]
84c00000-8c800000 rw-p 00000000 00:00 0 
8c800000-100000000 ---p 00000000 00:00 0 
100000000-1001e0000 rw-p 00000000 00:00 0 
1001e0000-140000000 ---p 00000000 00:00 0 
7fc734000000-7fc734021000 rw-p 00000000 00:00 0 
7fc734021000-7fc738000000 ---p 00000000 00:00 0 
7fc73c000000-7fc73c021000 rw-p 00000000 00:00 0 
7fc73c021000-7fc740000000 ---p 00000000 00:00 0 
7fc740000000-7fc740021000 rw-p 00000000 00:00 0 
7fc740021000-7fc744000000 ---p 00000000 00:00 0 
7fc744000000-7fc7440b3000 rw-p 00000000 00:00 0 
7fc7440b3000-7fc748000000 ---p 00000000 00:00 0 
7fc748000000-7fc74803a000 rw-p 00000000 00:00 0 
7fc74803a000-7fc74c000000 ---p 00000000 00:00 0 
7fc74c000000-7fc74c041000 rw-p 00000000 00:00 0 
7fc74c041000-7fc750000000 ---p 00000000 00:00 0 
7fc750000000-7fc750021000 rw-p 00000000 00:00 0 
7fc750021000-7fc754000000 ---p 00000000 00:00 0 
7fc754000000-7fc7565ad000 rw-p 00000000 00:00 0 
7fc7565ad000-7fc758000000 ---p 00000000 00:00 0 
7fc758000000-7fc7585da000 rw-p 00000000 00:00 0 
7fc7585da000-7fc75c000000 ---p 00000000 00:00 0 
7fc75c000000-7fc75c021000 rw-p 00000000 00:00 0 
7fc75c021000-7fc760000000 ---p 00000000 00:00 0 
7fc760000000-7fc760c38000 rw-p 00000000 00:00 0 
7fc760c38000-7fc764000000 ---p 00000000 00:00 0 
7fc764000000-7fc764021000 rw-p 00000000 00:00 0 
7fc764021000-7fc768000000 ---p 00000000 00:00 0 
7fc768000000-7fc768021000 rw-p 00000000 00:00 0 
7fc768021000-7fc76c000000 ---p 00000000 00:00 0 
7fc76c000000-7fc76c3d1000 rw-p 00000000 00:00 0 
7fc76c3d1000-7fc770000000 ---p 00000000 00:00 0 
7fc770000000-7fc770021000 rw-p 00000000 00:00 0 
7fc770021000-7fc774000000 ---p 00000000 00:00 0 
7fc775ec9000-7fc776089000 rw-p 00000000 00:00 0 
7fc776089000-7fc7760c9000 ---p 00000000 00:00 0 
7fc7760c9000-7fc7762c9000 rw-p 00000000 00:00 0 
7fc7762c9000-7fc7764c9000 rw-p 00000000 00:00 0 
7fc7764c9000-7fc7766c9000 rw-p 00000000 00:00 0 
7fc7766c9000-7fc7766ca000 ---p 00000000 00:00 0 
7fc7766ca000-7fc7767ca000 rw-p 00000000 00:00 0 
7fc7767ca000-7fc7767ce000 ---p 00000000 00:00 0 
7fc7767ce000-7fc7768cb000 rw-p 00000000 00:00 0 
7fc7768cb000-7fc7768cf000 ---p 00000000 00:00 0 
7fc7768cf000-7fc7769cc000 rw-p 00000000 00:00 0 
7fc7769cc000-7fc7769d0000 ---p 00000000 00:00 0 
7fc7769d0000-7fc776acd000 rw-p 00000000 00:00 0 
7fc776acd000-7fc776ad1000 ---p 00000000 00:00 0 
7fc776ad1000-7fc776bce000 rw-p 00000000 00:00 0 
7fc776bce000-7fc776bd2000 r-xp 00000000 08:06 2108928                    /usr/lib/jvm/java-9-oracle/lib/libdt_socket.so
7fc776bd2000-7fc776dd1000 ---p 00004000 08:06 2108928                    /usr/lib/jvm/java-9-oracle/lib/libdt_socket.so
7fc776dd1000-7fc776dd2000 rw-p 00003000 08:06 2108928                    /usr/lib/jvm/java-9-oracle/lib/libdt_socket.so
7fc776dd2000-7fc776dd6000 ---p 00000000 00:00 0 
7fc776dd6000-7fc776ed3000 rw-p 00000000 00:00 0 
7fc776ed3000-7fc776ee9000 r-xp 00000000 08:06 2108882                    /usr/lib/jvm/java-9-oracle/lib/libnet.so
7fc776ee9000-7fc7770e9000 ---p 00016000 08:06 2108882                    /usr/lib/jvm/java-9-oracle/lib/libnet.so
7fc7770e9000-7fc7770ea000 rw-p 00016000 08:06 2108882                    /usr/lib/jvm/java-9-oracle/lib/libnet.so
7fc7770ea000-7fc7770fa000 r-xp 00000000 08:06 2108930                    /usr/lib/jvm/java-9-oracle/lib/libnio.so
7fc7770fa000-7fc7772fa000 ---p 00010000 08:06 2108930                    /usr/lib/jvm/java-9-oracle/lib/libnio.so
7fc7772fa000-7fc7772fb000 rw-p 00010000 08:06 2108930                    /usr/lib/jvm/java-9-oracle/lib/libnio.so
7fc7772fb000-7fc7772ff000 ---p 00000000 00:00 0 
7fc7772ff000-7fc7773fc000 rw-p 00000000 00:00 0 
7fc7773fc000-7fc777400000 ---p 00000000 00:00 0 
7fc777400000-7fc7774fd000 rw-p 00000000 00:00 0 
7fc7774fd000-7fc777501000 ---p 00000000 00:00 0 
7fc777501000-7fc7775fe000 rw-p 00000000 00:00 0 
7fc7775fe000-7fc777602000 ---p 00000000 00:00 0 
7fc777602000-7fc7776ff000 rw-p 00000000 00:00 0 
7fc7776ff000-7fc777703000 ---p 00000000 00:00 0 
7fc777703000-7fc778000000 rw-p 00000000 00:00 0 
7fc778000000-7fc778021000 rw-p 00000000 00:00 0 
7fc778021000-7fc77c000000 ---p 00000000 00:00 0 
7fc77c02f000-7fc77c033000 ---p 00000000 00:00 0 
7fc77c033000-7fc77c130000 rw-p 00000000 00:00 0 
7fc77c130000-7fc77e130000 rwxp 00000000 00:00 0 
7fc77e130000-7fc77e320000 rw-p 00000000 00:00 0 
7fc77e320000-7fc780000000 ---p 00000000 00:00 0 
7fc780000000-7fc780021000 rw-p 00000000 00:00 0 
7fc780021000-7fc784000000 ---p 00000000 00:00 0 
7fc784000000-7fc784021000 rw-p 00000000 00:00 0 
7fc784021000-7fc788000000 ---p 00000000 00:00 0 
7fc788000000-7fc788021000 rw-p 00000000 00:00 0 
7fc788021000-7fc78c000000 ---p 00000000 00:00 0 
7fc78c000000-7fc78c021000 rw-p 00000000 00:00 0 
7fc78c021000-7fc790000000 ---p 00000000 00:00 0 
7fc790000000-7fc790021000 rw-p 00000000 00:00 0 
7fc790021000-7fc794000000 ---p 00000000 00:00 0 
7fc794000000-7fc794021000 rw-p 00000000 00:00 0 
7fc794021000-7fc798000000 ---p 00000000 00:00 0 
7fc798041000-7fc798045000 ---p 00000000 00:00 0 
7fc798045000-7fc798142000 rw-p 00000000 00:00 0 
7fc798142000-7fc798143000 ---p 00000000 00:00 0 
7fc798143000-7fc7986bd000 rw-p 00000000 00:00 0 
7fc7986bd000-7fc7986be000 ---p 00000000 00:00 0 
7fc7986be000-7fc7987be000 rw-p 00000000 00:00 0 
7fc7987be000-7fc7987bf000 ---p 00000000 00:00 0 
7fc7987bf000-7fc798aaf000 rw-p 00000000 00:00 0 
7fc798aaf000-7fc79a78f000 ---p 00000000 00:00 0 
7fc79a78f000-7fc79a7cd000 rw-p 00000000 00:00 0 
7fc79a7cd000-7fc79ab69000 ---p 00000000 00:00 0 
7fc79ab69000-7fc79aba7000 rw-p 00000000 00:00 0 
7fc79aba7000-7fc79b31d000 ---p 00000000 00:00 0 
7fc79b31d000-7fc79b35b000 rw-p 00000000 00:00 0 
7fc79b35b000-7fc79b6f7000 ---p 00000000 00:00 0 
7fc79b6f7000-7fc79b6f8000 ---p 00000000 00:00 0 
7fc79b6f8000-7fc79b7f8000 rw-p 00000000 00:00 0 
7fc79b7f8000-7fc79b7f9000 ---p 00000000 00:00 0 
7fc79b7f9000-7fc79b8f9000 rw-p 00000000 00:00 0 
7fc79b8f9000-7fc79b8fa000 ---p 00000000 00:00 0 
7fc79b8fa000-7fc79b9fa000 rw-p 00000000 00:00 0 
7fc79b9fa000-7fc79b9fb000 ---p 00000000 00:00 0 
7fc79b9fb000-7fc79bafb000 rw-p 00000000 00:00 0 
7fc79bafb000-7fc79bafc000 ---p 00000000 00:00 0 
7fc79bafc000-7fc79c000000 rw-p 00000000 00:00 0 
7fc79c000000-7fc79c021000 rw-p 00000000 00:00 0 
7fc79c021000-7fc7a0000000 ---p 00000000 00:00 0 
7fc7a0000000-7fc7a0021000 rw-p 00000000 00:00 0 
7fc7a0021000-7fc7a4000000 ---p 00000000 00:00 0 
7fc7a4000000-7fc7a4021000 rw-p 00000000 00:00 0 
7fc7a4021000-7fc7a8000000 ---p 00000000 00:00 0 
7fc7a804b000-7fc7a804c000 ---p 00000000 00:00 0 
7fc7a804c000-7fc7a814c000 rw-p 00000000 00:00 0 
7fc7a814c000-7fc7a814d000 ---p 00000000 00:00 0 
7fc7a814d000-7fc7a824d000 rw-p 00000000 00:00 0 
7fc7a824d000-7fc7a824e000 ---p 00000000 00:00 0 
7fc7a824e000-7fc7a834e000 rw-p 00000000 00:00 0 
7fc7a834e000-7fc7a834f000 ---p 00000000 00:00 0 
7fc7a834f000-7fc7a8454000 rw-p 00000000 00:00 0 
7fc7a8454000-7fc7a853a000 ---p 00000000 00:00 0 
7fc7a853a000-7fc7a8543000 rw-p 00000000 00:00 0 
7fc7a8543000-7fc7a8625000 ---p 00000000 00:00 0 
7fc7a8625000-7fc7a8895000 rwxp 00000000 00:00 0 
7fc7a8895000-7fc7a8bb5000 ---p 00000000 00:00 0 
7fc7a8bb5000-7fc7a8fe5000 rwxp 00000000 00:00 0 
7fc7a8fe5000-7fc7b00ed000 ---p 00000000 00:00 0 
7fc7b00ed000-7fc7b035d000 rwxp 00000000 00:00 0 
7fc7b035d000-7fc7b7625000 ---p 00000000 00:00 0 
7fc7b7625000-7fc7c2ae2000 r--s 00000000 08:06 2108911                    /usr/lib/jvm/java-9-oracle/lib/modules
7fc7c2ae2000-7fc7c2afc000 r-xp 00000000 08:06 2108858                    /usr/lib/jvm/java-9-oracle/lib/libjimage.so
7fc7c2afc000-7fc7c2cfb000 ---p 0001a000 08:06 2108858                    /usr/lib/jvm/java-9-oracle/lib/libjimage.so
7fc7c2cfb000-7fc7c2cfd000 rw-p 00019000 08:06 2108858                    /usr/lib/jvm/java-9-oracle/lib/libjimage.so
7fc7c2cfd000-7fc7c2d0f000 rw-p 00000000 00:00 0 
7fc7c2d0f000-7fc7c2d16000 r-xp 00000000 08:06 2108938                    /usr/lib/jvm/java-9-oracle/lib/libzip.so
7fc7c2d16000-7fc7c2f15000 ---p 00007000 08:06 2108938                    /usr/lib/jvm/java-9-oracle/lib/libzip.so
7fc7c2f15000-7fc7c2f16000 rw-p 00006000 08:06 2108938                    /usr/lib/jvm/java-9-oracle/lib/libzip.so
7fc7c2f16000-7fc7c2f21000 r-xp 00000000 08:06 5242975                    /lib/x86_64-linux-gnu/libnss_files-2.26.so
7fc7c2f21000-7fc7c3120000 ---p 0000b000 08:06 5242975                    /lib/x86_64-linux-gnu/libnss_files-2.26.so
7fc7c3120000-7fc7c3121000 r--p 0000a000 08:06 5242975                    /lib/x86_64-linux-gnu/libnss_files-2.26.so
7fc7c3121000-7fc7c3122000 rw-p 0000b000 08:06 5242975                    /lib/x86_64-linux-gnu/libnss_files-2.26.so
7fc7c3122000-7fc7c3128000 rw-p 00000000 00:00 0 
7fc7c3128000-7fc7c3133000 r-xp 00000000 08:06 5242977                    /lib/x86_64-linux-gnu/libnss_nis-2.26.so
7fc7c3133000-7fc7c3332000 ---p 0000b000 08:06 5242977                    /lib/x86_64-linux-gnu/libnss_nis-2.26.so
7fc7c3332000-7fc7c3333000 r--p 0000a000 08:06 5242977                    /lib/x86_64-linux-gnu/libnss_nis-2.26.so
7fc7c3333000-7fc7c3334000 rw-p 0000b000 08:06 5242977                    /lib/x86_64-linux-gnu/libnss_nis-2.26.so
7fc7c3334000-7fc7c334b000 r-xp 00000000 08:06 5242972                    /lib/x86_64-linux-gnu/libnsl-2.26.so
7fc7c334b000-7fc7c354a000 ---p 00017000 08:06 5242972                    /lib/x86_64-linux-gnu/libnsl-2.26.so
7fc7c354a000-7fc7c354b000 r--p 00016000 08:06 5242972                    /lib/x86_64-linux-gnu/libnsl-2.26.so
7fc7c354b000-7fc7c354c000 rw-p 00017000 08:06 5242972                    /lib/x86_64-linux-gnu/libnsl-2.26.so
7fc7c354c000-7fc7c354e000 rw-p 00000000 00:00 0 
7fc7c354e000-7fc7c3556000 r-xp 00000000 08:06 5242973                    /lib/x86_64-linux-gnu/libnss_compat-2.26.so
7fc7c3556000-7fc7c3755000 ---p 00008000 08:06 5242973                    /lib/x86_64-linux-gnu/libnss_compat-2.26.so
7fc7c3755000-7fc7c3756000 r--p 00007000 08:06 5242973                    /lib/x86_64-linux-gnu/libnss_compat-2.26.so
7fc7c3756000-7fc7c3757000 rw-p 00008000 08:06 5242973                    /lib/x86_64-linux-gnu/libnss_compat-2.26.so
7fc7c3757000-7fc7c3bba000 r--p 00000000 08:06 396038                     /usr/lib/locale/locale-archive
7fc7c3bba000-7fc7c3bc4000 r-xp 00000000 08:06 2108873                    /usr/lib/jvm/java-9-oracle/lib/libinstrument.so
7fc7c3bc4000-7fc7c3dc3000 ---p 0000a000 08:06 2108873                    /usr/lib/jvm/java-9-oracle/lib/libinstrument.so
7fc7c3dc3000-7fc7c3dc4000 rw-p 00009000 08:06 2108873                    /usr/lib/jvm/java-9-oracle/lib/libinstrument.so
7fc7c3dc4000-7fc7c3dff000 r-xp 00000000 08:06 2108922                    /usr/lib/jvm/java-9-oracle/lib/libjdwp.so
7fc7c3dff000-7fc7c3ffe000 ---p 0003b000 08:06 2108922                    /usr/lib/jvm/java-9-oracle/lib/libjdwp.so
7fc7c3ffe000-7fc7c3fff000 rw-p 0003a000 08:06 2108922                    /usr/lib/jvm/java-9-oracle/lib/libjdwp.so
7fc7c3fff000-7fc7c4000000 rw-p 00000000 00:00 0 
7fc7c4000000-7fc7c468d000 rw-p 00000000 00:00 0 
7fc7c468d000-7fc7c8000000 ---p 00000000 00:00 0 
7fc7c8047000-7fc7c80a2000 rw-p 00000000 00:00 0 
7fc7c80a2000-7fc7c80cd000 r-xp 00000000 08:06 2108875                    /usr/lib/jvm/java-9-oracle/lib/libjava.so
7fc7c80cd000-7fc7c82cc000 ---p 0002b000 08:06 2108875                    /usr/lib/jvm/java-9-oracle/lib/libjava.so
7fc7c82cc000-7fc7c82ce000 rw-p 0002a000 08:06 2108875                    /usr/lib/jvm/java-9-oracle/lib/libjava.so
7fc7c82ce000-7fc7c82db000 r-xp 00000000 08:06 2108894                    /usr/lib/jvm/java-9-oracle/lib/libverify.so
7fc7c82db000-7fc7c84da000 ---p 0000d000 08:06 2108894                    /usr/lib/jvm/java-9-oracle/lib/libverify.so
7fc7c84da000-7fc7c84dc000 rw-p 0000c000 08:06 2108894                    /usr/lib/jvm/java-9-oracle/lib/libverify.so
7fc7c84dc000-7fc7c84e3000 r-xp 00000000 08:06 5247623                    /lib/x86_64-linux-gnu/librt-2.26.so
7fc7c84e3000-7fc7c86e2000 ---p 00007000 08:06 5247623                    /lib/x86_64-linux-gnu/librt-2.26.so
7fc7c86e2000-7fc7c86e3000 r--p 00006000 08:06 5247623                    /lib/x86_64-linux-gnu/librt-2.26.so
7fc7c86e3000-7fc7c86e4000 rw-p 00007000 08:06 5247623                    /lib/x86_64-linux-gnu/librt-2.26.so
7fc7c86e4000-7fc7c8839000 r-xp 00000000 08:06 5242969                    /lib/x86_64-linux-gnu/libm-2.26.so
7fc7c8839000-7fc7c8a38000 ---p 00155000 08:06 5242969                    /lib/x86_64-linux-gnu/libm-2.26.so
7fc7c8a38000-7fc7c8a39000 r--p 00154000 08:06 5242969                    /lib/x86_64-linux-gnu/libm-2.26.so
7fc7c8a39000-7fc7c8a3a000 rw-p 00155000 08:06 5242969                    /lib/x86_64-linux-gnu/libm-2.26.so
7fc7c8a3a000-7fc7c9a4f000 r-xp 00000000 08:06 2248698                    /usr/lib/jvm/java-9-oracle/lib/server/libjvm.so
7fc7c9a4f000-7fc7c9c4e000 ---p 01015000 08:06 2248698                    /usr/lib/jvm/java-9-oracle/lib/server/libjvm.so
7fc7c9c4e000-7fc7c9d1f000 r--p 01014000 08:06 2248698                    /usr/lib/jvm/java-9-oracle/lib/server/libjvm.so
7fc7c9d1f000-7fc7c9d56000 rw-p 010e5000 08:06 2248698                    /usr/lib/jvm/java-9-oracle/lib/server/libjvm.so
7fc7c9d56000-7fc7c9dbf000 rw-p 00000000 00:00 0 
7fc7c9dbf000-7fc7c9f95000 r-xp 00000000 08:06 5242965                    /lib/x86_64-linux-gnu/libc-2.26.so
7fc7c9f95000-7fc7ca195000 ---p 001d6000 08:06 5242965                    /lib/x86_64-linux-gnu/libc-2.26.so
7fc7ca195000-7fc7ca199000 r--p 001d6000 08:06 5242965                    /lib/x86_64-linux-gnu/libc-2.26.so
7fc7ca199000-7fc7ca19b000 rw-p 001da000 08:06 5242965                    /lib/x86_64-linux-gnu/libc-2.26.so
7fc7ca19b000-7fc7ca19f000 rw-p 00000000 00:00 0 
7fc7ca19f000-7fc7ca1a2000 r-xp 00000000 08:06 5242968                    /lib/x86_64-linux-gnu/libdl-2.26.so
7fc7ca1a2000-7fc7ca3a1000 ---p 00003000 08:06 5242968                    /lib/x86_64-linux-gnu/libdl-2.26.so
7fc7ca3a1000-7fc7ca3a2000 r--p 00002000 08:06 5242968                    /lib/x86_64-linux-gnu/libdl-2.26.so
7fc7ca3a2000-7fc7ca3a3000 rw-p 00003000 08:06 5242968                    /lib/x86_64-linux-gnu/libdl-2.26.so
7fc7ca3a3000-7fc7ca3b1000 r-xp 00000000 08:06 2248700                    /usr/lib/jvm/java-9-oracle/lib/jli/libjli.so
7fc7ca3b1000-7fc7ca5b1000 ---p 0000e000 08:06 2248700                    /usr/lib/jvm/java-9-oracle/lib/jli/libjli.so
7fc7ca5b1000-7fc7ca5b2000 rw-p 0000e000 08:06 2248700                    /usr/lib/jvm/java-9-oracle/lib/jli/libjli.so
7fc7ca5b2000-7fc7ca5cc000 r-xp 00000000 08:06 5242980                    /lib/x86_64-linux-gnu/libpthread-2.26.so
7fc7ca5cc000-7fc7ca7cb000 ---p 0001a000 08:06 5242980                    /lib/x86_64-linux-gnu/libpthread-2.26.so
7fc7ca7cb000-7fc7ca7cc000 r--p 00019000 08:06 5242980                    /lib/x86_64-linux-gnu/libpthread-2.26.so
7fc7ca7cc000-7fc7ca7cd000 rw-p 0001a000 08:06 5242980                    /lib/x86_64-linux-gnu/libpthread-2.26.so
7fc7ca7cd000-7fc7ca7d1000 rw-p 00000000 00:00 0 
7fc7ca7d1000-7fc7ca7ed000 r-xp 00000000 08:06 5248111                    /lib/x86_64-linux-gnu/libz.so.1.2.11
7fc7ca7ed000-7fc7ca9ec000 ---p 0001c000 08:06 5248111                    /lib/x86_64-linux-gnu/libz.so.1.2.11
7fc7ca9ec000-7fc7ca9ed000 r--p 0001b000 08:06 5248111                    /lib/x86_64-linux-gnu/libz.so.1.2.11
7fc7ca9ed000-7fc7ca9ee000 rw-p 0001c000 08:06 5248111                    /lib/x86_64-linux-gnu/libz.so.1.2.11
7fc7ca9ee000-7fc7caa15000 r-xp 00000000 08:06 5242886                    /lib/x86_64-linux-gnu/ld-2.26.so
7fc7caa33000-7fc7caa3a000 r--s 00000000 08:06 657219                     /usr/lib/x86_64-linux-gnu/gconv/gconv-modules.cache
7fc7caa3a000-7fc7caaf8000 rw-p 00000000 00:00 0 
7fc7caaf8000-7fc7caaf9000 ---p 00000000 00:00 0 
7fc7caaf9000-7fc7caafd000 ---p 00000000 00:00 0 
7fc7caafd000-7fc7cabfe000 rw-p 00000000 00:00 0 
7fc7cabfe000-7fc7cac03000 rw-p 00000000 00:00 0 
7fc7cac03000-7fc7cac0a000 ---p 00000000 00:00 0 
7fc7cac0a000-7fc7cac0b000 r--s 00002000 08:06 1737306                    /opt/idea-IU/lib/rt/debugger-agent-storage.jar
7fc7cac0b000-7fc7cac13000 rw-s 00000000 08:06 2125183                    /tmp/hsperfdata_christopher/12290
7fc7cac13000-7fc7cac14000 rw-p 00000000 00:00 0 
7fc7cac14000-7fc7cac15000 ---p 00000000 00:00 0 
7fc7cac15000-7fc7cac16000 r--p 00027000 08:06 5242886                    /lib/x86_64-linux-gnu/ld-2.26.so
7fc7cac16000-7fc7cac17000 rw-p 00028000 08:06 5242886                    /lib/x86_64-linux-gnu/ld-2.26.so
7fc7cac17000-7fc7cac18000 rw-p 00000000 00:00 0 
7fffd8f1b000-7fffd8f3d000 rw-p 00000000 00:00 0                          [stack]
7fffd8f5c000-7fffd8f5f000 r--p 00000000 00:00 0                          [vvar]
7fffd8f5f000-7fffd8f61000 r-xp 00000000 00:00 0                          [vdso]
ffffffffff600000-ffffffffff601000 r-xp 00000000 00:00 0                  [vsyscall]

VM Arguments:
jvm_args: -agentlib:jdwp=transport=dt_socket,address=127.0.0.1:44103,suspend=y,server=n -ea -Didea.test.cyclic.buffer.size=1048576 -javaagent:/opt/idea-IU/plugins/Groovy/lib/agent/gragent.jar -javaagent:/opt/idea-IU/lib/rt/debugger-agent.jar=file:/tmp/capture.props -Dfile.encoding=UTF-8 
java_command: com.intellij.rt.execution.junit.JUnitStarter -ideVersion5 -junit5 de.ubleipzig.iiifproducer.doc.GetValuesFromMetsTest,testGetCanvasesForRange
java_class_path (initial): /opt/idea-IU/lib/idea_rt.jar:/opt/idea-IU/plugins/junit/lib/junit-rt.jar:/opt/idea-IU/plugins/junit/lib/junit5-rt.jar:/home/christopher/.m2/repository/org/junit/platform/junit-platform-launcher/1.1.0/junit-platform-launcher-1.1.0.jar:/home/christopher/.m2/repository/org/apiguardian/apiguardian-api/1.0.0/apiguardian-api-1.0.0.jar:/home/christopher/.m2/repository/org/junit/platform/junit-platform-engine/1.1.0/junit-platform-engine-1.1.0.jar:/home/christopher/.m2/repository/org/junit/platform/junit-platform-commons/1.1.0/junit-platform-commons-1.1.0.jar:/home/christopher/.m2/repository/org/opentest4j/opentest4j/1.0.0/opentest4j-1.0.0.jar:/home/christopher/IdeaProjects/iiifproducer/xml-doc/build/classes/test:/home/christopher/IdeaProjects/iiifproducer/xml-doc/build/classes/main:/home/christopher/.gradle/caches/modules-2/files-2.1/commons-io/commons-io/2.6/815893df5f31da2ece4040fe0a12fd44b577afaf/commons-io-2.6.jar:/home/christopher/.gradle/caches/modules-2/files-2.1/ch.qos.logback/logback-classic/1.2.3/7c4f3c474fb2c041d8028740440937705ebb473a/logback-classic-1.2.3.jar:/home/christopher/.gradle/caches/modules-2/files-2.1/org.xmlbeam/xmlprojector/1.4.8/2654ab54350d5005c6b076c6b464957ba1d145b/xmlprojector-1.4.8.jar:/home/christopher/.gradle/caches/modules-2/files-2.1/org.slf4j/slf4j-api/1.7.25/da76ca59f6a57ee3102f8f9bd9cee742973efa8a/slf4j-api-1.7.25.jar:/home/christopher/.gradle/caches/modules-2/files-2.1/org.junit.jupiter/junit-jupiter-api/5.1.0/370218fbc7ce9cf0600c4b5db400bccdf0c01a48/junit-jupiter-api-5.1.0.jar:/home/christopher/.gradle/caches/modules-2/files-2.1/org.junit.platform/junit-platform-commons/1.1.0/d6aa21029f9cedfb4cc8a9e9efc0bd97987205b8/junit-platform-commons-1.1.0.jar:/home/christopher/.gradle/caches/modules-2/files-2.1/org.junit.jupiter/junit-jupiter-engine/5.1.0/c54b96b465bb5b49c7708d734a4180dd95422754/junit-jupiter-engine-5.1.0.jar:/home/christopher/.gradle/caches/modules-2/files-2.1/org.apiguardian/apiguardian-api/1.0.0/3
Launcher Type: SUN_STANDARD

Logging:
Log output configuration:
#0: stdout all=warning uptime,level,tags
#1: stderr all=off uptime,level,tags

Environment Variables:
JAVA_HOME=/usr/lib/jvm/jdk-10
PATH=/usr/local/sbin:/usr/local/bin:/usr/sbin:/usr/bin:/sbin:/bin:/usr/games:/usr/local/games:/snap/bin:/usr/lib/jvm/jdk-10/bin:/usr/lib/jvm/jdk-10/db/bin
SHELL=/bin/bash
DISPLAY=:0

Signal Handlers:
SIGSEGV: [libjvm.so+0xd4d370], sa_mask[0]=11111111011111111101111111111110, sa_flags=SA_RESTART|SA_SIGINFO
SIGBUS: [libjvm.so+0xd4d370], sa_mask[0]=11111111011111111101111111111110, sa_flags=SA_RESTART|SA_SIGINFO
SIGFPE: [libjvm.so+0xd4d370], sa_mask[0]=11111111011111111101111111111110, sa_flags=SA_RESTART|SA_SIGINFO
SIGPIPE: [libjvm.so+0xb64780], sa_mask[0]=11111111011111111101111111111110, sa_flags=SA_RESTART|SA_SIGINFO
SIGXFSZ: [libjvm.so+0xb64780], sa_mask[0]=11111111011111111101111111111110, sa_flags=SA_RESTART|SA_SIGINFO
SIGILL: [libjvm.so+0xd4d370], sa_mask[0]=11111111011111111101111111111110, sa_flags=SA_RESTART|SA_SIGINFO
SIGUSR2: [libjvm.so+0xb64640], sa_mask[0]=00100000000000000000000000000000, sa_flags=SA_RESTART|SA_SIGINFO
SIGHUP: [libjvm.so+0xb64850], sa_mask[0]=11111111011111111101111111111110, sa_flags=SA_RESTART|SA_SIGINFO
SIGINT: [libjvm.so+0xb64850], sa_mask[0]=11111111011111111101111111111110, sa_flags=SA_RESTART|SA_SIGINFO
SIGTERM: [libjvm.so+0xb64850], sa_mask[0]=11111111011111111101111111111110, sa_flags=SA_RESTART|SA_SIGINFO
SIGQUIT: [libjvm.so+0xb64850], sa_mask[0]=11111111011111111101111111111110, sa_flags=SA_RESTART|SA_SIGINFO


---------------  S Y S T E M  ---------------

OS:DISTRIB_ID=Ubuntu
DISTRIB_RELEASE=17.10
DISTRIB_CODENAME=artful
DISTRIB_DESCRIPTION="Ubuntu 17.10"
uname:Linux 4.13.0-38-generic #43-Ubuntu SMP Wed Mar 14 15:20:44 UTC 2018 x86_64
libc:glibc 2.26 NPTL 2.26 
rlimit: STACK 8192k, CORE 0k, NPROC 31319, NOFILE 1048576, AS infinity
load average:1,93 2,00 1,85

/proc/meminfo:
MemTotal:        8072072 kB
MemFree:          524184 kB
MemAvailable:    2176376 kB
Buffers:          261888 kB
Cached:          1523776 kB
SwapCached:          304 kB
Active:          5615656 kB
Inactive:        1569836 kB
Active(anon):    4415100 kB
Inactive(anon):   947796 kB
Active(file):    1200556 kB
Inactive(file):   622040 kB
Unevictable:         184 kB
Mlocked:             184 kB
SwapTotal:       2097148 kB
SwapFree:        2084604 kB
Dirty:             20800 kB
Writeback:             0 kB
AnonPages:       5399848 kB
Mapped:           605120 kB
Shmem:            258132 kB
Slab:             192328 kB
SReclaimable:      99888 kB
SUnreclaim:        92440 kB
KernelStack:       19388 kB
PageTables:        61296 kB
NFS_Unstable:          0 kB
Bounce:                0 kB
WritebackTmp:          0 kB
CommitLimit:     6133184 kB
Committed_AS:   13018244 kB
VmallocTotal:   34359738367 kB
VmallocUsed:           0 kB
VmallocChunk:          0 kB
HardwareCorrupted:     0 kB
AnonHugePages:         0 kB
ShmemHugePages:        0 kB
ShmemPmdMapped:        0 kB
CmaTotal:              0 kB
CmaFree:               0 kB
HugePages_Total:       0
HugePages_Free:        0
HugePages_Rsvd:        0
HugePages_Surp:        0
Hugepagesize:       2048 kB
DirectMap4k:      271972 kB
DirectMap2M:     8019968 kB
DirectMap1G:           0 kB


CPU:total 4 (initial active 4) (2 cores per cpu, 2 threads per core) family 6 model 60 stepping 3, cmov, cx8, fxsr, mmx, sse, sse2, sse3, ssse3, sse4.1, sse4.2, popcnt, avx, avx2, aes, clmul, erms, lzcnt, ht, tsc, tscinvbit, bmi1, bmi2, fma
CPU Model and flags from /proc/cpuinfo:
model name	: Intel(R) Core(TM) i5-4310M CPU @ 2.70GHz
flags		: fpu vme de pse tsc msr pae mce cx8 apic sep mtrr pge mca cmov pat pse36 clflush dts acpi mmx fxsr sse sse2 ss ht tm pbe syscall nx pdpe1gb rdtscp lm constant_tsc arch_perfmon pebs bts rep_good nopl xtopology nonstop_tsc cpuid aperfmperf pni pclmulqdq dtes64 monitor ds_cpl vmx smx est tm2 ssse3 sdbg fma cx16 xtpr pdcm pcid sse4_1 sse4_2 x2apic movbe popcnt aes xsave avx f16c rdrand lahf_lm abm cpuid_fault epb invpcid_single pti retpoline tpr_shadow vnmi flexpriority ept vpid fsgsbase tsc_adjust bmi1 avx2 smep bmi2 erms invpcid xsaveopt dtherm ida arat pln pts

Memory: 4k page, physical 8072072k(524184k free), swap 2097148k(2084604k free)

vm_info: Java HotSpot(TM) 64-Bit Server VM (9.0.4+11) for linux-amd64 JRE (9.0.4+11), built on Dec 19 2017 18:12:19 by "mach5one" with gcc 4.9.2

END.
